2025-10-01 10:16:56 | INFO | c.n.d.s.r.aws.ConfigClusterResolver | Resolving eureka endpoints via configuration
2025-10-01 10:21:56 | INFO | c.n.d.s.r.aws.ConfigClusterResolver | Resolving eureka endpoints via configuration
2025-10-01 10:26:56 | INFO | c.n.d.s.r.aws.ConfigClusterResolver | Resolving eureka endpoints via configuration
2025-10-01 10:31:56 | INFO | c.n.d.s.r.aws.ConfigClusterResolver | Resolving eureka endpoints via configuration
2025-10-01 10:36:56 | INFO | c.n.d.s.r.aws.ConfigClusterResolver | Resolving eureka endpoints via configuration
2025-10-01 10:41:58 | INFO | c.n.d.s.r.aws.ConfigClusterResolver | Resolving eureka endpoints via configuration
2025-10-01 10:46:58 | INFO | c.n.d.s.r.aws.ConfigClusterResolver | Resolving eureka endpoints via configuration
2025-10-01 10:51:58 | INFO | c.n.d.s.r.aws.ConfigClusterResolver | Resolving eureka endpoints via configuration
2025-10-01 10:56:58 | INFO | c.n.d.s.r.aws.ConfigClusterResolver | Resolving eureka endpoints via configuration
2025-10-01 11:01:58 | INFO | c.n.d.s.r.aws.ConfigClusterResolver | Resolving eureka endpoints via configuration
2025-10-01 11:06:58 | INFO | c.n.d.s.r.aws.ConfigClusterResolver | Resolving eureka endpoints via configuration
2025-10-01 11:11:58 | INFO | c.n.d.s.r.aws.ConfigClusterResolver | Resolving eureka endpoints via configuration
2025-10-01 11:16:58 | INFO | c.n.d.s.r.aws.ConfigClusterResolver | Resolving eureka endpoints via configuration
2025-10-01 11:21:58 | INFO | c.n.d.s.r.aws.ConfigClusterResolver | Resolving eureka endpoints via configuration
2025-10-01 11:27:02 | INFO | c.n.d.s.r.aws.ConfigClusterResolver | Resolving eureka endpoints via configuration
2025-10-01 11:32:03 | INFO | c.n.d.s.r.aws.ConfigClusterResolver | Resolving eureka endpoints via configuration
2025-10-01 11:37:03 | INFO | c.n.d.s.r.aws.ConfigClusterResolver | Resolving eureka endpoints via configuration
2025-10-01 11:42:03 | INFO | c.n.d.s.r.aws.ConfigClusterResolver | Resolving eureka endpoints via configuration
2025-10-01 11:47:03 | INFO | c.n.d.s.r.aws.ConfigClusterResolver | Resolving eureka endpoints via configuration
2025-10-01 11:52:03 | INFO | c.n.d.s.r.aws.ConfigClusterResolver | Resolving eureka endpoints via configuration
2025-10-01 11:57:03 | INFO | c.n.d.s.r.aws.ConfigClusterResolver | Resolving eureka endpoints via configuration
2025-10-01 11:57:44 | INFO | o.s.c.n.e.s.EurekaServiceRegistry | Unregistering application KEKAACTIONSERVICE with eureka with status DOWN
2025-10-01 11:57:44 | INFO | c.netflix.discovery.DiscoveryClient | Saw local status change event StatusChangeEvent [timestamp=1759300064090, current=DOWN, previous=UP]
2025-10-01 11:57:44 | INFO | c.netflix.discovery.DiscoveryClient | DiscoveryClient_KEKAACTIONSERVICE/192.168.1.160:KekaActionService:4581: registering service...
2025-10-01 11:57:44 | INFO | o.s.b.w.e.tomcat.GracefulShutdown | Commencing graceful shutdown. Waiting for active requests to complete
2025-10-01 11:57:44 | INFO | o.s.b.w.e.tomcat.GracefulShutdown | Graceful shutdown complete
2025-10-01 11:57:44 | INFO | c.netflix.discovery.DiscoveryClient | DiscoveryClient_KEKAACTIONSERVICE/192.168.1.160:KekaActionService:4581 - registration status: 204
2025-10-01 11:57:44 | INFO | o.s.o.j.LocalContainerEntityManagerFactoryBean | Closing JPA EntityManagerFactory for persistence unit 'default'
2025-10-01 11:57:44 | INFO | com.zaxxer.hikari.HikariDataSource | HikariPool-1 - Shutdown initiated...
2025-10-01 11:57:44 | INFO | com.zaxxer.hikari.HikariDataSource | HikariPool-1 - Shutdown completed.
2025-10-01 11:57:44 | INFO | c.netflix.discovery.DiscoveryClient | Shutting down DiscoveryClient ...
2025-10-01 11:57:47 | INFO | c.netflix.discovery.DiscoveryClient | Unregistering ...
2025-10-01 11:57:48 | INFO | c.netflix.discovery.DiscoveryClient | DiscoveryClient_KEKAACTIONSERVICE/192.168.1.160:KekaActionService:4581 - deregister  status: 200
2025-10-01 11:57:48 | INFO | c.netflix.discovery.DiscoveryClient | Completed shut down of DiscoveryClient
2025-10-01 11:58:34 | INFO | c.e.K.KekaActionServiceApplication | Starting KekaActionServiceApplication using Java 21.0.4 with PID 14436 (C:\Users\Sreenivas Bandaru\Keka_Clone\keka_clone\KekaActionService\target\classes started by Sreenivas Bandaru in C:\Users\Sreenivas Bandaru\Keka_Clone\keka_clone\KekaActionService)
2025-10-01 11:58:34 | INFO | c.e.K.KekaActionServiceApplication | No active profile set, falling back to 1 default profile: "default"
2025-10-01 11:58:37 | INFO | o.s.d.r.c.RepositoryConfigurationDelegate | Bootstrapping Spring Data JPA repositories in DEFAULT mode.
2025-10-01 11:58:38 | INFO | o.s.d.r.c.RepositoryConfigurationDelegate | Finished Spring Data repository scanning in 258 ms. Found 8 JPA repository interfaces.
2025-10-01 11:58:38 | INFO | o.s.cloud.context.scope.GenericScope | BeanFactory id=11b900b4-4893-3f30-9152-3a033196007e
2025-10-01 11:58:39 | INFO | o.s.b.w.e.tomcat.TomcatWebServer | Tomcat initialized with port 4581 (http)
2025-10-01 11:58:39 | INFO | o.a.catalina.core.StandardService | Starting service [Tomcat]
2025-10-01 11:58:39 | INFO | o.a.catalina.core.StandardEngine | Starting Servlet engine: [Apache Tomcat/10.1.46]
2025-10-01 11:58:40 | INFO | o.a.c.c.C.[Tomcat].[localhost].[/] | Initializing Spring embedded WebApplicationContext
2025-10-01 11:58:40 | INFO | o.s.b.w.s.c.ServletWebServerApplicationContext | Root WebApplicationContext: initialization completed in 5454 ms
2025-10-01 11:58:40 | INFO | o.h.jpa.internal.util.LogHelper | HHH000204: Processing PersistenceUnitInfo [name: default]
2025-10-01 11:58:41 | INFO | org.hibernate.Version | HHH000412: Hibernate ORM core version 6.6.29.Final
2025-10-01 11:58:41 | INFO | o.h.c.i.RegionFactoryInitiator | HHH000026: Second-level cache disabled
2025-10-01 11:58:42 | INFO | o.s.o.j.p.SpringPersistenceUnitInfo | No LoadTimeWeaver setup: ignoring JPA class transformer
2025-10-01 11:58:42 | INFO | com.zaxxer.hikari.HikariDataSource | HikariPool-1 - Starting...
2025-10-01 11:58:42 | INFO | com.zaxxer.hikari.pool.HikariPool | HikariPool-1 - Added connection oracle.jdbc.driver.T4CConnection@322ab6ce
2025-10-01 11:58:42 | INFO | com.zaxxer.hikari.HikariDataSource | HikariPool-1 - Start completed.
2025-10-01 11:58:43 | WARN | org.hibernate.dialect.Dialect | HHH000511: The 11.2.0 version for [org.hibernate.dialect.OracleDialect] is no longer supported, hence certain features may not work properly. The minimum supported version is 19.0.0. Check the community dialects project for available legacy versions.
2025-10-01 11:58:43 | INFO | o.hibernate.orm.connections.pooling | HHH10001005: Database info:
	Database JDBC URL [Connecting through datasource 'HikariDataSource (HikariPool-1)']
	Database driver: undefined/unknown
	Database version: 11.2
	Autocommit mode: undefined/unknown
	Isolation level: undefined/unknown
	Minimum pool size: undefined/unknown
	Maximum pool size: undefined/unknown
2025-10-01 11:58:46 | INFO | o.h.e.t.j.p.i.JtaPlatformInitiator | HHH000489: No JTA platform available (set 'hibernate.transaction.jta.platform' to enable JTA platform integration)
2025-10-01 11:58:47 | WARN | o.h.t.s.i.ExceptionHandlerLoggedImpl | GenerationTarget encountered exception accepting command : Error executing DDL "alter table attendance add constraint FK4vs7tsg2d52acnb6baqo4m4b foreign key (employeeid) references employee (employeeid)" via JDBC [ORA-02275: such a referential constraint already exists in the table

https://docs.oracle.com/error-help/db/ora-02275/]
org.hibernate.tool.schema.spi.CommandAcceptanceException: Error executing DDL "alter table attendance add constraint FK4vs7tsg2d52acnb6baqo4m4b foreign key (employeeid) references employee (employeeid)" via JDBC [ORA-02275: such a referential constraint already exists in the table

https://docs.oracle.com/error-help/db/ora-02275/]
	at org.hibernate.tool.schema.internal.exec.GenerationTargetToDatabase.accept(GenerationTargetToDatabase.java:94)
	at org.hibernate.tool.schema.internal.AbstractSchemaMigrator.applySqlString(AbstractSchemaMigrator.java:576)
	at org.hibernate.tool.schema.internal.AbstractSchemaMigrator.applySqlStrings(AbstractSchemaMigrator.java:516)
	at org.hibernate.tool.schema.internal.AbstractSchemaMigrator.applyForeignKeys(AbstractSchemaMigrator.java:448)
	at org.hibernate.tool.schema.internal.AbstractSchemaMigrator.performMigration(AbstractSchemaMigrator.java:269)
	at org.hibernate.tool.schema.internal.AbstractSchemaMigrator.doMigration(AbstractSchemaMigrator.java:112)
	at org.hibernate.tool.schema.spi.SchemaManagementToolCoordinator.performDatabaseAction(SchemaManagementToolCoordinator.java:280)
	at org.hibernate.tool.schema.spi.SchemaManagementToolCoordinator.lambda$process$5(SchemaManagementToolCoordinator.java:144)
	at java.base/java.util.HashMap.forEach(HashMap.java:1429)
	at org.hibernate.tool.schema.spi.SchemaManagementToolCoordinator.process(SchemaManagementToolCoordinator.java:141)
	at org.hibernate.boot.internal.SessionFactoryObserverForSchemaExport.sessionFactoryCreated(SessionFactoryObserverForSchemaExport.java:37)
	at org.hibernate.internal.SessionFactoryObserverChain.sessionFactoryCreated(SessionFactoryObserverChain.java:35)
	at org.hibernate.internal.SessionFactoryImpl.<init>(SessionFactoryImpl.java:324)
	at org.hibernate.boot.internal.SessionFactoryBuilderImpl.build(SessionFactoryBuilderImpl.java:463)
	at org.hibernate.jpa.boot.internal.EntityManagerFactoryBuilderImpl.build(EntityManagerFactoryBuilderImpl.java:1517)
	at org.springframework.orm.jpa.vendor.SpringHibernateJpaPersistenceProvider.createContainerEntityManagerFactory(SpringHibernateJpaPersistenceProvider.java:66)
	at org.springframework.orm.jpa.LocalContainerEntityManagerFactoryBean.createNativeEntityManagerFactory(LocalContainerEntityManagerFactoryBean.java:390)
	at org.springframework.orm.jpa.AbstractEntityManagerFactoryBean.buildNativeEntityManagerFactory(AbstractEntityManagerFactoryBean.java:419)
	at org.springframework.orm.jpa.AbstractEntityManagerFactoryBean.afterPropertiesSet(AbstractEntityManagerFactoryBean.java:400)
	at org.springframework.orm.jpa.LocalContainerEntityManagerFactoryBean.afterPropertiesSet(LocalContainerEntityManagerFactoryBean.java:366)
	at org.springframework.beans.factory.support.AbstractAutowireCapableBeanFactory.invokeInitMethods(AbstractAutowireCapableBeanFactory.java:1873)
	at org.springframework.beans.factory.support.AbstractAutowireCapableBeanFactory.initializeBean(AbstractAutowireCapableBeanFactory.java:1822)
	at org.springframework.beans.factory.support.AbstractAutowireCapableBeanFactory.doCreateBean(AbstractAutowireCapableBeanFactory.java:607)
	at org.springframework.beans.factory.support.AbstractAutowireCapableBeanFactory.createBean(AbstractAutowireCapableBeanFactory.java:529)
	at org.springframework.beans.factory.support.AbstractBeanFactory.lambda$doGetBean$0(AbstractBeanFactory.java:339)
	at org.springframework.beans.factory.support.DefaultSingletonBeanRegistry.getSingleton(DefaultSingletonBeanRegistry.java:373)
	at org.springframework.beans.factory.support.AbstractBeanFactory.doGetBean(AbstractBeanFactory.java:337)
	at org.springframework.beans.factory.support.AbstractBeanFactory.getBean(AbstractBeanFactory.java:207)
	at org.springframework.context.support.AbstractApplicationContext.finishBeanFactoryInitialization(AbstractApplicationContext.java:970)
	at org.springframework.context.support.AbstractApplicationContext.refresh(AbstractApplicationContext.java:627)
	at org.springframework.boot.web.servlet.context.ServletWebServerApplicationContext.refresh(ServletWebServerApplicationContext.java:146)
	at org.springframework.boot.SpringApplication.refresh(SpringApplication.java:752)
	at org.springframework.boot.SpringApplication.refreshContext(SpringApplication.java:439)
	at org.springframework.boot.SpringApplication.run(SpringApplication.java:318)
	at org.springframework.boot.SpringApplication.run(SpringApplication.java:1361)
	at org.springframework.boot.SpringApplication.run(SpringApplication.java:1350)
	at com.example.KekaActionService.KekaActionServiceApplication.main(KekaActionServiceApplication.java:12)
Caused by: java.sql.SQLSyntaxErrorException: ORA-02275: such a referential constraint already exists in the table

https://docs.oracle.com/error-help/db/ora-02275/
	at oracle.jdbc.driver.T4CTTIoer11.processError(T4CTTIoer11.java:715)
	at oracle.jdbc.driver.T4CTTIoer11.processError(T4CTTIoer11.java:615)
	at oracle.jdbc.driver.T4C8Oall.processError(T4C8Oall.java:1372)
	at oracle.jdbc.driver.T4CTTIfun.receive(T4CTTIfun.java:969)
	at oracle.jdbc.driver.T4CTTIfun.doRPC(T4CTTIfun.java:237)
	at oracle.jdbc.driver.T4C8Oall.doOALL(T4C8Oall.java:524)
	at oracle.jdbc.driver.T4CStatement.doOall8(T4CStatement.java:192)
	at oracle.jdbc.driver.T4CStatement.executeForRows(T4CStatement.java:1401)
	at oracle.jdbc.driver.OracleStatement.executeSQLStatement(OracleStatement.java:2009)
	at oracle.jdbc.driver.OracleStatement.doExecuteWithTimeout(OracleStatement.java:1622)
	at oracle.jdbc.driver.OracleStatement.executeInternal(OracleStatement.java:2687)
	at oracle.jdbc.driver.OracleStatement.execute(OracleStatement.java:2636)
	at oracle.jdbc.driver.OracleStatementWrapper.execute(OracleStatementWrapper.java:337)
	at com.zaxxer.hikari.pool.ProxyStatement.execute(ProxyStatement.java:95)
	at com.zaxxer.hikari.pool.HikariProxyStatement.execute(HikariProxyStatement.java)
	at org.hibernate.tool.schema.internal.exec.GenerationTargetToDatabase.accept(GenerationTargetToDatabase.java:80)
	... 36 common frames omitted
Caused by: oracle.jdbc.OracleDatabaseException: ORA-02275: such a referential constraint already exists in the table

	at oracle.jdbc.driver.T4CTTIoer11.processError(T4CTTIoer11.java:723)
	... 51 common frames omitted
2025-10-01 11:58:47 | WARN | o.h.t.s.i.ExceptionHandlerLoggedImpl | GenerationTarget encountered exception accepting command : Error executing DDL "alter table department add constraint FKhd8gkxsy4odqbid2rbsgcyod9 foreign key (manager) references employee (employeeid)" via JDBC [ORA-02275: such a referential constraint already exists in the table

https://docs.oracle.com/error-help/db/ora-02275/]
org.hibernate.tool.schema.spi.CommandAcceptanceException: Error executing DDL "alter table department add constraint FKhd8gkxsy4odqbid2rbsgcyod9 foreign key (manager) references employee (employeeid)" via JDBC [ORA-02275: such a referential constraint already exists in the table

https://docs.oracle.com/error-help/db/ora-02275/]
	at org.hibernate.tool.schema.internal.exec.GenerationTargetToDatabase.accept(GenerationTargetToDatabase.java:94)
	at org.hibernate.tool.schema.internal.AbstractSchemaMigrator.applySqlString(AbstractSchemaMigrator.java:576)
	at org.hibernate.tool.schema.internal.AbstractSchemaMigrator.applySqlStrings(AbstractSchemaMigrator.java:516)
	at org.hibernate.tool.schema.internal.AbstractSchemaMigrator.applyForeignKeys(AbstractSchemaMigrator.java:448)
	at org.hibernate.tool.schema.internal.AbstractSchemaMigrator.performMigration(AbstractSchemaMigrator.java:269)
	at org.hibernate.tool.schema.internal.AbstractSchemaMigrator.doMigration(AbstractSchemaMigrator.java:112)
	at org.hibernate.tool.schema.spi.SchemaManagementToolCoordinator.performDatabaseAction(SchemaManagementToolCoordinator.java:280)
	at org.hibernate.tool.schema.spi.SchemaManagementToolCoordinator.lambda$process$5(SchemaManagementToolCoordinator.java:144)
	at java.base/java.util.HashMap.forEach(HashMap.java:1429)
	at org.hibernate.tool.schema.spi.SchemaManagementToolCoordinator.process(SchemaManagementToolCoordinator.java:141)
	at org.hibernate.boot.internal.SessionFactoryObserverForSchemaExport.sessionFactoryCreated(SessionFactoryObserverForSchemaExport.java:37)
	at org.hibernate.internal.SessionFactoryObserverChain.sessionFactoryCreated(SessionFactoryObserverChain.java:35)
	at org.hibernate.internal.SessionFactoryImpl.<init>(SessionFactoryImpl.java:324)
	at org.hibernate.boot.internal.SessionFactoryBuilderImpl.build(SessionFactoryBuilderImpl.java:463)
	at org.hibernate.jpa.boot.internal.EntityManagerFactoryBuilderImpl.build(EntityManagerFactoryBuilderImpl.java:1517)
	at org.springframework.orm.jpa.vendor.SpringHibernateJpaPersistenceProvider.createContainerEntityManagerFactory(SpringHibernateJpaPersistenceProvider.java:66)
	at org.springframework.orm.jpa.LocalContainerEntityManagerFactoryBean.createNativeEntityManagerFactory(LocalContainerEntityManagerFactoryBean.java:390)
	at org.springframework.orm.jpa.AbstractEntityManagerFactoryBean.buildNativeEntityManagerFactory(AbstractEntityManagerFactoryBean.java:419)
	at org.springframework.orm.jpa.AbstractEntityManagerFactoryBean.afterPropertiesSet(AbstractEntityManagerFactoryBean.java:400)
	at org.springframework.orm.jpa.LocalContainerEntityManagerFactoryBean.afterPropertiesSet(LocalContainerEntityManagerFactoryBean.java:366)
	at org.springframework.beans.factory.support.AbstractAutowireCapableBeanFactory.invokeInitMethods(AbstractAutowireCapableBeanFactory.java:1873)
	at org.springframework.beans.factory.support.AbstractAutowireCapableBeanFactory.initializeBean(AbstractAutowireCapableBeanFactory.java:1822)
	at org.springframework.beans.factory.support.AbstractAutowireCapableBeanFactory.doCreateBean(AbstractAutowireCapableBeanFactory.java:607)
	at org.springframework.beans.factory.support.AbstractAutowireCapableBeanFactory.createBean(AbstractAutowireCapableBeanFactory.java:529)
	at org.springframework.beans.factory.support.AbstractBeanFactory.lambda$doGetBean$0(AbstractBeanFactory.java:339)
	at org.springframework.beans.factory.support.DefaultSingletonBeanRegistry.getSingleton(DefaultSingletonBeanRegistry.java:373)
	at org.springframework.beans.factory.support.AbstractBeanFactory.doGetBean(AbstractBeanFactory.java:337)
	at org.springframework.beans.factory.support.AbstractBeanFactory.getBean(AbstractBeanFactory.java:207)
	at org.springframework.context.support.AbstractApplicationContext.finishBeanFactoryInitialization(AbstractApplicationContext.java:970)
	at org.springframework.context.support.AbstractApplicationContext.refresh(AbstractApplicationContext.java:627)
	at org.springframework.boot.web.servlet.context.ServletWebServerApplicationContext.refresh(ServletWebServerApplicationContext.java:146)
	at org.springframework.boot.SpringApplication.refresh(SpringApplication.java:752)
	at org.springframework.boot.SpringApplication.refreshContext(SpringApplication.java:439)
	at org.springframework.boot.SpringApplication.run(SpringApplication.java:318)
	at org.springframework.boot.SpringApplication.run(SpringApplication.java:1361)
	at org.springframework.boot.SpringApplication.run(SpringApplication.java:1350)
	at com.example.KekaActionService.KekaActionServiceApplication.main(KekaActionServiceApplication.java:12)
Caused by: java.sql.SQLSyntaxErrorException: ORA-02275: such a referential constraint already exists in the table

https://docs.oracle.com/error-help/db/ora-02275/
	at oracle.jdbc.driver.T4CTTIoer11.processError(T4CTTIoer11.java:715)
	at oracle.jdbc.driver.T4CTTIoer11.processError(T4CTTIoer11.java:615)
	at oracle.jdbc.driver.T4C8Oall.processError(T4C8Oall.java:1372)
	at oracle.jdbc.driver.T4CTTIfun.receive(T4CTTIfun.java:969)
	at oracle.jdbc.driver.T4CTTIfun.doRPC(T4CTTIfun.java:237)
	at oracle.jdbc.driver.T4C8Oall.doOALL(T4C8Oall.java:524)
	at oracle.jdbc.driver.T4CStatement.doOall8(T4CStatement.java:192)
	at oracle.jdbc.driver.T4CStatement.executeForRows(T4CStatement.java:1401)
	at oracle.jdbc.driver.OracleStatement.executeSQLStatement(OracleStatement.java:2009)
	at oracle.jdbc.driver.OracleStatement.doExecuteWithTimeout(OracleStatement.java:1622)
	at oracle.jdbc.driver.OracleStatement.executeInternal(OracleStatement.java:2687)
	at oracle.jdbc.driver.OracleStatement.execute(OracleStatement.java:2636)
	at oracle.jdbc.driver.OracleStatementWrapper.execute(OracleStatementWrapper.java:337)
	at com.zaxxer.hikari.pool.ProxyStatement.execute(ProxyStatement.java:95)
	at com.zaxxer.hikari.pool.HikariProxyStatement.execute(HikariProxyStatement.java)
	at org.hibernate.tool.schema.internal.exec.GenerationTargetToDatabase.accept(GenerationTargetToDatabase.java:80)
	... 36 common frames omitted
Caused by: oracle.jdbc.OracleDatabaseException: ORA-02275: such a referential constraint already exists in the table

	at oracle.jdbc.driver.T4CTTIoer11.processError(T4CTTIoer11.java:723)
	... 51 common frames omitted
2025-10-01 11:58:47 | WARN | o.h.t.s.i.ExceptionHandlerLoggedImpl | GenerationTarget encountered exception accepting command : Error executing DDL "alter table document add constraint FKctaynw25rgaohaea8x39p16yi foreign key (employeeid) references employee (employeeid)" via JDBC [ORA-02275: such a referential constraint already exists in the table

https://docs.oracle.com/error-help/db/ora-02275/]
org.hibernate.tool.schema.spi.CommandAcceptanceException: Error executing DDL "alter table document add constraint FKctaynw25rgaohaea8x39p16yi foreign key (employeeid) references employee (employeeid)" via JDBC [ORA-02275: such a referential constraint already exists in the table

https://docs.oracle.com/error-help/db/ora-02275/]
	at org.hibernate.tool.schema.internal.exec.GenerationTargetToDatabase.accept(GenerationTargetToDatabase.java:94)
	at org.hibernate.tool.schema.internal.AbstractSchemaMigrator.applySqlString(AbstractSchemaMigrator.java:576)
	at org.hibernate.tool.schema.internal.AbstractSchemaMigrator.applySqlStrings(AbstractSchemaMigrator.java:516)
	at org.hibernate.tool.schema.internal.AbstractSchemaMigrator.applyForeignKeys(AbstractSchemaMigrator.java:448)
	at org.hibernate.tool.schema.internal.AbstractSchemaMigrator.performMigration(AbstractSchemaMigrator.java:269)
	at org.hibernate.tool.schema.internal.AbstractSchemaMigrator.doMigration(AbstractSchemaMigrator.java:112)
	at org.hibernate.tool.schema.spi.SchemaManagementToolCoordinator.performDatabaseAction(SchemaManagementToolCoordinator.java:280)
	at org.hibernate.tool.schema.spi.SchemaManagementToolCoordinator.lambda$process$5(SchemaManagementToolCoordinator.java:144)
	at java.base/java.util.HashMap.forEach(HashMap.java:1429)
	at org.hibernate.tool.schema.spi.SchemaManagementToolCoordinator.process(SchemaManagementToolCoordinator.java:141)
	at org.hibernate.boot.internal.SessionFactoryObserverForSchemaExport.sessionFactoryCreated(SessionFactoryObserverForSchemaExport.java:37)
	at org.hibernate.internal.SessionFactoryObserverChain.sessionFactoryCreated(SessionFactoryObserverChain.java:35)
	at org.hibernate.internal.SessionFactoryImpl.<init>(SessionFactoryImpl.java:324)
	at org.hibernate.boot.internal.SessionFactoryBuilderImpl.build(SessionFactoryBuilderImpl.java:463)
	at org.hibernate.jpa.boot.internal.EntityManagerFactoryBuilderImpl.build(EntityManagerFactoryBuilderImpl.java:1517)
	at org.springframework.orm.jpa.vendor.SpringHibernateJpaPersistenceProvider.createContainerEntityManagerFactory(SpringHibernateJpaPersistenceProvider.java:66)
	at org.springframework.orm.jpa.LocalContainerEntityManagerFactoryBean.createNativeEntityManagerFactory(LocalContainerEntityManagerFactoryBean.java:390)
	at org.springframework.orm.jpa.AbstractEntityManagerFactoryBean.buildNativeEntityManagerFactory(AbstractEntityManagerFactoryBean.java:419)
	at org.springframework.orm.jpa.AbstractEntityManagerFactoryBean.afterPropertiesSet(AbstractEntityManagerFactoryBean.java:400)
	at org.springframework.orm.jpa.LocalContainerEntityManagerFactoryBean.afterPropertiesSet(LocalContainerEntityManagerFactoryBean.java:366)
	at org.springframework.beans.factory.support.AbstractAutowireCapableBeanFactory.invokeInitMethods(AbstractAutowireCapableBeanFactory.java:1873)
	at org.springframework.beans.factory.support.AbstractAutowireCapableBeanFactory.initializeBean(AbstractAutowireCapableBeanFactory.java:1822)
	at org.springframework.beans.factory.support.AbstractAutowireCapableBeanFactory.doCreateBean(AbstractAutowireCapableBeanFactory.java:607)
	at org.springframework.beans.factory.support.AbstractAutowireCapableBeanFactory.createBean(AbstractAutowireCapableBeanFactory.java:529)
	at org.springframework.beans.factory.support.AbstractBeanFactory.lambda$doGetBean$0(AbstractBeanFactory.java:339)
	at org.springframework.beans.factory.support.DefaultSingletonBeanRegistry.getSingleton(DefaultSingletonBeanRegistry.java:373)
	at org.springframework.beans.factory.support.AbstractBeanFactory.doGetBean(AbstractBeanFactory.java:337)
	at org.springframework.beans.factory.support.AbstractBeanFactory.getBean(AbstractBeanFactory.java:207)
	at org.springframework.context.support.AbstractApplicationContext.finishBeanFactoryInitialization(AbstractApplicationContext.java:970)
	at org.springframework.context.support.AbstractApplicationContext.refresh(AbstractApplicationContext.java:627)
	at org.springframework.boot.web.servlet.context.ServletWebServerApplicationContext.refresh(ServletWebServerApplicationContext.java:146)
	at org.springframework.boot.SpringApplication.refresh(SpringApplication.java:752)
	at org.springframework.boot.SpringApplication.refreshContext(SpringApplication.java:439)
	at org.springframework.boot.SpringApplication.run(SpringApplication.java:318)
	at org.springframework.boot.SpringApplication.run(SpringApplication.java:1361)
	at org.springframework.boot.SpringApplication.run(SpringApplication.java:1350)
	at com.example.KekaActionService.KekaActionServiceApplication.main(KekaActionServiceApplication.java:12)
Caused by: java.sql.SQLSyntaxErrorException: ORA-02275: such a referential constraint already exists in the table

https://docs.oracle.com/error-help/db/ora-02275/
	at oracle.jdbc.driver.T4CTTIoer11.processError(T4CTTIoer11.java:715)
	at oracle.jdbc.driver.T4CTTIoer11.processError(T4CTTIoer11.java:615)
	at oracle.jdbc.driver.T4C8Oall.processError(T4C8Oall.java:1372)
	at oracle.jdbc.driver.T4CTTIfun.receive(T4CTTIfun.java:969)
	at oracle.jdbc.driver.T4CTTIfun.doRPC(T4CTTIfun.java:237)
	at oracle.jdbc.driver.T4C8Oall.doOALL(T4C8Oall.java:524)
	at oracle.jdbc.driver.T4CStatement.doOall8(T4CStatement.java:192)
	at oracle.jdbc.driver.T4CStatement.executeForRows(T4CStatement.java:1401)
	at oracle.jdbc.driver.OracleStatement.executeSQLStatement(OracleStatement.java:2009)
	at oracle.jdbc.driver.OracleStatement.doExecuteWithTimeout(OracleStatement.java:1622)
	at oracle.jdbc.driver.OracleStatement.executeInternal(OracleStatement.java:2687)
	at oracle.jdbc.driver.OracleStatement.execute(OracleStatement.java:2636)
	at oracle.jdbc.driver.OracleStatementWrapper.execute(OracleStatementWrapper.java:337)
	at com.zaxxer.hikari.pool.ProxyStatement.execute(ProxyStatement.java:95)
	at com.zaxxer.hikari.pool.HikariProxyStatement.execute(HikariProxyStatement.java)
	at org.hibernate.tool.schema.internal.exec.GenerationTargetToDatabase.accept(GenerationTargetToDatabase.java:80)
	... 36 common frames omitted
Caused by: oracle.jdbc.OracleDatabaseException: ORA-02275: such a referential constraint already exists in the table

	at oracle.jdbc.driver.T4CTTIoer11.processError(T4CTTIoer11.java:723)
	... 51 common frames omitted
2025-10-01 11:58:48 | WARN | o.h.t.s.i.ExceptionHandlerLoggedImpl | GenerationTarget encountered exception accepting command : Error executing DDL "alter table leave add constraint FK6usj5sk235hm8oe2mem9l2k9c foreign key (approverid) references employee (employeeid)" via JDBC [ORA-02275: such a referential constraint already exists in the table

https://docs.oracle.com/error-help/db/ora-02275/]
org.hibernate.tool.schema.spi.CommandAcceptanceException: Error executing DDL "alter table leave add constraint FK6usj5sk235hm8oe2mem9l2k9c foreign key (approverid) references employee (employeeid)" via JDBC [ORA-02275: such a referential constraint already exists in the table

https://docs.oracle.com/error-help/db/ora-02275/]
	at org.hibernate.tool.schema.internal.exec.GenerationTargetToDatabase.accept(GenerationTargetToDatabase.java:94)
	at org.hibernate.tool.schema.internal.AbstractSchemaMigrator.applySqlString(AbstractSchemaMigrator.java:576)
	at org.hibernate.tool.schema.internal.AbstractSchemaMigrator.applySqlStrings(AbstractSchemaMigrator.java:516)
	at org.hibernate.tool.schema.internal.AbstractSchemaMigrator.applyForeignKeys(AbstractSchemaMigrator.java:448)
	at org.hibernate.tool.schema.internal.AbstractSchemaMigrator.performMigration(AbstractSchemaMigrator.java:269)
	at org.hibernate.tool.schema.internal.AbstractSchemaMigrator.doMigration(AbstractSchemaMigrator.java:112)
	at org.hibernate.tool.schema.spi.SchemaManagementToolCoordinator.performDatabaseAction(SchemaManagementToolCoordinator.java:280)
	at org.hibernate.tool.schema.spi.SchemaManagementToolCoordinator.lambda$process$5(SchemaManagementToolCoordinator.java:144)
	at java.base/java.util.HashMap.forEach(HashMap.java:1429)
	at org.hibernate.tool.schema.spi.SchemaManagementToolCoordinator.process(SchemaManagementToolCoordinator.java:141)
	at org.hibernate.boot.internal.SessionFactoryObserverForSchemaExport.sessionFactoryCreated(SessionFactoryObserverForSchemaExport.java:37)
	at org.hibernate.internal.SessionFactoryObserverChain.sessionFactoryCreated(SessionFactoryObserverChain.java:35)
	at org.hibernate.internal.SessionFactoryImpl.<init>(SessionFactoryImpl.java:324)
	at org.hibernate.boot.internal.SessionFactoryBuilderImpl.build(SessionFactoryBuilderImpl.java:463)
	at org.hibernate.jpa.boot.internal.EntityManagerFactoryBuilderImpl.build(EntityManagerFactoryBuilderImpl.java:1517)
	at org.springframework.orm.jpa.vendor.SpringHibernateJpaPersistenceProvider.createContainerEntityManagerFactory(SpringHibernateJpaPersistenceProvider.java:66)
	at org.springframework.orm.jpa.LocalContainerEntityManagerFactoryBean.createNativeEntityManagerFactory(LocalContainerEntityManagerFactoryBean.java:390)
	at org.springframework.orm.jpa.AbstractEntityManagerFactoryBean.buildNativeEntityManagerFactory(AbstractEntityManagerFactoryBean.java:419)
	at org.springframework.orm.jpa.AbstractEntityManagerFactoryBean.afterPropertiesSet(AbstractEntityManagerFactoryBean.java:400)
	at org.springframework.orm.jpa.LocalContainerEntityManagerFactoryBean.afterPropertiesSet(LocalContainerEntityManagerFactoryBean.java:366)
	at org.springframework.beans.factory.support.AbstractAutowireCapableBeanFactory.invokeInitMethods(AbstractAutowireCapableBeanFactory.java:1873)
	at org.springframework.beans.factory.support.AbstractAutowireCapableBeanFactory.initializeBean(AbstractAutowireCapableBeanFactory.java:1822)
	at org.springframework.beans.factory.support.AbstractAutowireCapableBeanFactory.doCreateBean(AbstractAutowireCapableBeanFactory.java:607)
	at org.springframework.beans.factory.support.AbstractAutowireCapableBeanFactory.createBean(AbstractAutowireCapableBeanFactory.java:529)
	at org.springframework.beans.factory.support.AbstractBeanFactory.lambda$doGetBean$0(AbstractBeanFactory.java:339)
	at org.springframework.beans.factory.support.DefaultSingletonBeanRegistry.getSingleton(DefaultSingletonBeanRegistry.java:373)
	at org.springframework.beans.factory.support.AbstractBeanFactory.doGetBean(AbstractBeanFactory.java:337)
	at org.springframework.beans.factory.support.AbstractBeanFactory.getBean(AbstractBeanFactory.java:207)
	at org.springframework.context.support.AbstractApplicationContext.finishBeanFactoryInitialization(AbstractApplicationContext.java:970)
	at org.springframework.context.support.AbstractApplicationContext.refresh(AbstractApplicationContext.java:627)
	at org.springframework.boot.web.servlet.context.ServletWebServerApplicationContext.refresh(ServletWebServerApplicationContext.java:146)
	at org.springframework.boot.SpringApplication.refresh(SpringApplication.java:752)
	at org.springframework.boot.SpringApplication.refreshContext(SpringApplication.java:439)
	at org.springframework.boot.SpringApplication.run(SpringApplication.java:318)
	at org.springframework.boot.SpringApplication.run(SpringApplication.java:1361)
	at org.springframework.boot.SpringApplication.run(SpringApplication.java:1350)
	at com.example.KekaActionService.KekaActionServiceApplication.main(KekaActionServiceApplication.java:12)
Caused by: java.sql.SQLSyntaxErrorException: ORA-02275: such a referential constraint already exists in the table

https://docs.oracle.com/error-help/db/ora-02275/
	at oracle.jdbc.driver.T4CTTIoer11.processError(T4CTTIoer11.java:715)
	at oracle.jdbc.driver.T4CTTIoer11.processError(T4CTTIoer11.java:615)
	at oracle.jdbc.driver.T4C8Oall.processError(T4C8Oall.java:1372)
	at oracle.jdbc.driver.T4CTTIfun.receive(T4CTTIfun.java:969)
	at oracle.jdbc.driver.T4CTTIfun.doRPC(T4CTTIfun.java:237)
	at oracle.jdbc.driver.T4C8Oall.doOALL(T4C8Oall.java:524)
	at oracle.jdbc.driver.T4CStatement.doOall8(T4CStatement.java:192)
	at oracle.jdbc.driver.T4CStatement.executeForRows(T4CStatement.java:1401)
	at oracle.jdbc.driver.OracleStatement.executeSQLStatement(OracleStatement.java:2009)
	at oracle.jdbc.driver.OracleStatement.doExecuteWithTimeout(OracleStatement.java:1622)
	at oracle.jdbc.driver.OracleStatement.executeInternal(OracleStatement.java:2687)
	at oracle.jdbc.driver.OracleStatement.execute(OracleStatement.java:2636)
	at oracle.jdbc.driver.OracleStatementWrapper.execute(OracleStatementWrapper.java:337)
	at com.zaxxer.hikari.pool.ProxyStatement.execute(ProxyStatement.java:95)
	at com.zaxxer.hikari.pool.HikariProxyStatement.execute(HikariProxyStatement.java)
	at org.hibernate.tool.schema.internal.exec.GenerationTargetToDatabase.accept(GenerationTargetToDatabase.java:80)
	... 36 common frames omitted
Caused by: oracle.jdbc.OracleDatabaseException: ORA-02275: such a referential constraint already exists in the table

	at oracle.jdbc.driver.T4CTTIoer11.processError(T4CTTIoer11.java:723)
	... 51 common frames omitted
2025-10-01 11:58:48 | WARN | o.h.t.s.i.ExceptionHandlerLoggedImpl | GenerationTarget encountered exception accepting command : Error executing DDL "alter table leave add constraint FKr71i1ssywuj3t667jgnsukuqh foreign key (employeeid) references employee (employeeid)" via JDBC [ORA-02275: such a referential constraint already exists in the table

https://docs.oracle.com/error-help/db/ora-02275/]
org.hibernate.tool.schema.spi.CommandAcceptanceException: Error executing DDL "alter table leave add constraint FKr71i1ssywuj3t667jgnsukuqh foreign key (employeeid) references employee (employeeid)" via JDBC [ORA-02275: such a referential constraint already exists in the table

https://docs.oracle.com/error-help/db/ora-02275/]
	at org.hibernate.tool.schema.internal.exec.GenerationTargetToDatabase.accept(GenerationTargetToDatabase.java:94)
	at org.hibernate.tool.schema.internal.AbstractSchemaMigrator.applySqlString(AbstractSchemaMigrator.java:576)
	at org.hibernate.tool.schema.internal.AbstractSchemaMigrator.applySqlStrings(AbstractSchemaMigrator.java:516)
	at org.hibernate.tool.schema.internal.AbstractSchemaMigrator.applyForeignKeys(AbstractSchemaMigrator.java:448)
	at org.hibernate.tool.schema.internal.AbstractSchemaMigrator.performMigration(AbstractSchemaMigrator.java:269)
	at org.hibernate.tool.schema.internal.AbstractSchemaMigrator.doMigration(AbstractSchemaMigrator.java:112)
	at org.hibernate.tool.schema.spi.SchemaManagementToolCoordinator.performDatabaseAction(SchemaManagementToolCoordinator.java:280)
	at org.hibernate.tool.schema.spi.SchemaManagementToolCoordinator.lambda$process$5(SchemaManagementToolCoordinator.java:144)
	at java.base/java.util.HashMap.forEach(HashMap.java:1429)
	at org.hibernate.tool.schema.spi.SchemaManagementToolCoordinator.process(SchemaManagementToolCoordinator.java:141)
	at org.hibernate.boot.internal.SessionFactoryObserverForSchemaExport.sessionFactoryCreated(SessionFactoryObserverForSchemaExport.java:37)
	at org.hibernate.internal.SessionFactoryObserverChain.sessionFactoryCreated(SessionFactoryObserverChain.java:35)
	at org.hibernate.internal.SessionFactoryImpl.<init>(SessionFactoryImpl.java:324)
	at org.hibernate.boot.internal.SessionFactoryBuilderImpl.build(SessionFactoryBuilderImpl.java:463)
	at org.hibernate.jpa.boot.internal.EntityManagerFactoryBuilderImpl.build(EntityManagerFactoryBuilderImpl.java:1517)
	at org.springframework.orm.jpa.vendor.SpringHibernateJpaPersistenceProvider.createContainerEntityManagerFactory(SpringHibernateJpaPersistenceProvider.java:66)
	at org.springframework.orm.jpa.LocalContainerEntityManagerFactoryBean.createNativeEntityManagerFactory(LocalContainerEntityManagerFactoryBean.java:390)
	at org.springframework.orm.jpa.AbstractEntityManagerFactoryBean.buildNativeEntityManagerFactory(AbstractEntityManagerFactoryBean.java:419)
	at org.springframework.orm.jpa.AbstractEntityManagerFactoryBean.afterPropertiesSet(AbstractEntityManagerFactoryBean.java:400)
	at org.springframework.orm.jpa.LocalContainerEntityManagerFactoryBean.afterPropertiesSet(LocalContainerEntityManagerFactoryBean.java:366)
	at org.springframework.beans.factory.support.AbstractAutowireCapableBeanFactory.invokeInitMethods(AbstractAutowireCapableBeanFactory.java:1873)
	at org.springframework.beans.factory.support.AbstractAutowireCapableBeanFactory.initializeBean(AbstractAutowireCapableBeanFactory.java:1822)
	at org.springframework.beans.factory.support.AbstractAutowireCapableBeanFactory.doCreateBean(AbstractAutowireCapableBeanFactory.java:607)
	at org.springframework.beans.factory.support.AbstractAutowireCapableBeanFactory.createBean(AbstractAutowireCapableBeanFactory.java:529)
	at org.springframework.beans.factory.support.AbstractBeanFactory.lambda$doGetBean$0(AbstractBeanFactory.java:339)
	at org.springframework.beans.factory.support.DefaultSingletonBeanRegistry.getSingleton(DefaultSingletonBeanRegistry.java:373)
	at org.springframework.beans.factory.support.AbstractBeanFactory.doGetBean(AbstractBeanFactory.java:337)
	at org.springframework.beans.factory.support.AbstractBeanFactory.getBean(AbstractBeanFactory.java:207)
	at org.springframework.context.support.AbstractApplicationContext.finishBeanFactoryInitialization(AbstractApplicationContext.java:970)
	at org.springframework.context.support.AbstractApplicationContext.refresh(AbstractApplicationContext.java:627)
	at org.springframework.boot.web.servlet.context.ServletWebServerApplicationContext.refresh(ServletWebServerApplicationContext.java:146)
	at org.springframework.boot.SpringApplication.refresh(SpringApplication.java:752)
	at org.springframework.boot.SpringApplication.refreshContext(SpringApplication.java:439)
	at org.springframework.boot.SpringApplication.run(SpringApplication.java:318)
	at org.springframework.boot.SpringApplication.run(SpringApplication.java:1361)
	at org.springframework.boot.SpringApplication.run(SpringApplication.java:1350)
	at com.example.KekaActionService.KekaActionServiceApplication.main(KekaActionServiceApplication.java:12)
Caused by: java.sql.SQLSyntaxErrorException: ORA-02275: such a referential constraint already exists in the table

https://docs.oracle.com/error-help/db/ora-02275/
	at oracle.jdbc.driver.T4CTTIoer11.processError(T4CTTIoer11.java:715)
	at oracle.jdbc.driver.T4CTTIoer11.processError(T4CTTIoer11.java:615)
	at oracle.jdbc.driver.T4C8Oall.processError(T4C8Oall.java:1372)
	at oracle.jdbc.driver.T4CTTIfun.receive(T4CTTIfun.java:969)
	at oracle.jdbc.driver.T4CTTIfun.doRPC(T4CTTIfun.java:237)
	at oracle.jdbc.driver.T4C8Oall.doOALL(T4C8Oall.java:524)
	at oracle.jdbc.driver.T4CStatement.doOall8(T4CStatement.java:192)
	at oracle.jdbc.driver.T4CStatement.executeForRows(T4CStatement.java:1401)
	at oracle.jdbc.driver.OracleStatement.executeSQLStatement(OracleStatement.java:2009)
	at oracle.jdbc.driver.OracleStatement.doExecuteWithTimeout(OracleStatement.java:1622)
	at oracle.jdbc.driver.OracleStatement.executeInternal(OracleStatement.java:2687)
	at oracle.jdbc.driver.OracleStatement.execute(OracleStatement.java:2636)
	at oracle.jdbc.driver.OracleStatementWrapper.execute(OracleStatementWrapper.java:337)
	at com.zaxxer.hikari.pool.ProxyStatement.execute(ProxyStatement.java:95)
	at com.zaxxer.hikari.pool.HikariProxyStatement.execute(HikariProxyStatement.java)
	at org.hibernate.tool.schema.internal.exec.GenerationTargetToDatabase.accept(GenerationTargetToDatabase.java:80)
	... 36 common frames omitted
Caused by: oracle.jdbc.OracleDatabaseException: ORA-02275: such a referential constraint already exists in the table

	at oracle.jdbc.driver.T4CTTIoer11.processError(T4CTTIoer11.java:723)
	... 51 common frames omitted
2025-10-01 11:58:48 | INFO | o.s.o.j.LocalContainerEntityManagerFactoryBean | Initialized JPA EntityManagerFactory for persistence unit 'default'
2025-10-01 11:58:50 | WARN | o.s.b.a.o.j.JpaBaseConfiguration$JpaWebConfiguration | spring.jpa.open-in-view is enabled by default. Therefore, database queries may be performed during view rendering. Explicitly configure spring.jpa.open-in-view to disable this warning
2025-10-01 11:58:51 | INFO | o.s.c.n.e.c.DiscoveryClientOptionalArgsConfiguration | Eureka HTTP Client uses RestTemplate.
2025-10-01 11:58:51 | WARN | o.s.c.l.c.LoadBalancerCacheAutoConfiguration$LoadBalancerCaffeineWarnLogger | Spring Cloud LoadBalancer is currently working with the default cache. While this cache implementation is useful for development and tests, it's recommended to use Caffeine cache in production.You can switch to using Caffeine cache, by adding it and org.springframework.cache.caffeine.CaffeineCacheManager to the classpath.
2025-10-01 11:58:52 | INFO | o.s.c.n.eureka.InstanceInfoFactory | Setting initial instance status as: STARTING
2025-10-01 11:58:52 | INFO | c.netflix.discovery.DiscoveryClient | Initializing Eureka in region us-east-1
2025-10-01 11:58:52 | INFO | c.n.d.s.r.aws.ConfigClusterResolver | Resolving eureka endpoints via configuration
2025-10-01 11:58:52 | INFO | c.netflix.discovery.DiscoveryClient | Disable delta property : false
2025-10-01 11:58:52 | INFO | c.netflix.discovery.DiscoveryClient | Single vip registry refresh property : null
2025-10-01 11:58:52 | INFO | c.netflix.discovery.DiscoveryClient | Force full registry fetch : false
2025-10-01 11:58:52 | INFO | c.netflix.discovery.DiscoveryClient | Application is null : false
2025-10-01 11:58:52 | INFO | c.netflix.discovery.DiscoveryClient | Registered Applications size is zero : true
2025-10-01 11:58:52 | INFO | c.netflix.discovery.DiscoveryClient | Application version is -1: true
2025-10-01 11:58:52 | INFO | c.netflix.discovery.DiscoveryClient | Getting all instance registry info from the eureka server
2025-10-01 11:58:53 | INFO | c.netflix.discovery.DiscoveryClient | The response status is 200
2025-10-01 11:58:53 | INFO | c.netflix.discovery.DiscoveryClient | Starting heartbeat executor: renew interval is: 30
2025-10-01 11:58:53 | INFO | c.n.discovery.InstanceInfoReplicator | InstanceInfoReplicator onDemand update allowed rate per min is 4
2025-10-01 11:58:53 | INFO | c.netflix.discovery.DiscoveryClient | Discovery Client initialized at timestamp 1759300133979 with initial instances count: 0
2025-10-01 11:58:53 | INFO | o.s.c.n.e.s.EurekaServiceRegistry | Registering application KEKAACTIONSERVICE with eureka with status UP
2025-10-01 11:58:53 | INFO | c.netflix.discovery.DiscoveryClient | Saw local status change event StatusChangeEvent [timestamp=1759300133986, current=UP, previous=STARTING]
2025-10-01 11:58:53 | INFO | c.netflix.discovery.DiscoveryClient | DiscoveryClient_KEKAACTIONSERVICE/192.168.1.160:KekaActionService:4581: registering service...
2025-10-01 11:58:54 | INFO | o.s.b.w.e.tomcat.TomcatWebServer | Tomcat started on port 4581 (http) with context path '/'
2025-10-01 11:58:54 | INFO | o.s.c.n.e.s.EurekaAutoServiceRegistration | Updating port to 4581
2025-10-01 11:58:54 | INFO | c.e.K.KekaActionServiceApplication | Started KekaActionServiceApplication in 20.244 seconds (process running for 21.701)
2025-10-01 11:58:54 | INFO | c.netflix.discovery.DiscoveryClient | DiscoveryClient_KEKAACTIONSERVICE/192.168.1.160:KekaActionService:4581 - registration status: 204
2025-10-01 11:59:20 | INFO | o.s.c.n.e.s.EurekaServiceRegistry | Unregistering application KEKAACTIONSERVICE with eureka with status DOWN
2025-10-01 11:59:20 | INFO | c.netflix.discovery.DiscoveryClient | Saw local status change event StatusChangeEvent [timestamp=1759300160922, current=DOWN, previous=UP]
2025-10-01 11:59:20 | INFO | c.netflix.discovery.DiscoveryClient | DiscoveryClient_KEKAACTIONSERVICE/192.168.1.160:KekaActionService:4581: registering service...
2025-10-01 11:59:20 | INFO | o.s.b.w.e.tomcat.GracefulShutdown | Commencing graceful shutdown. Waiting for active requests to complete
2025-10-01 11:59:20 | INFO | o.s.b.w.e.tomcat.GracefulShutdown | Graceful shutdown complete
2025-10-01 11:59:20 | INFO | c.netflix.discovery.DiscoveryClient | DiscoveryClient_KEKAACTIONSERVICE/192.168.1.160:KekaActionService:4581 - registration status: 204
2025-10-01 11:59:20 | INFO | o.s.o.j.LocalContainerEntityManagerFactoryBean | Closing JPA EntityManagerFactory for persistence unit 'default'
2025-10-01 11:59:20 | INFO | com.zaxxer.hikari.HikariDataSource | HikariPool-1 - Shutdown initiated...
2025-10-01 11:59:20 | INFO | com.zaxxer.hikari.HikariDataSource | HikariPool-1 - Shutdown completed.
2025-10-01 11:59:20 | INFO | c.netflix.discovery.DiscoveryClient | Shutting down DiscoveryClient ...
2025-10-01 11:59:23 | INFO | c.netflix.discovery.DiscoveryClient | Unregistering ...
2025-10-01 11:59:23 | INFO | c.netflix.discovery.DiscoveryClient | DiscoveryClient_KEKAACTIONSERVICE/192.168.1.160:KekaActionService:4581 - deregister  status: 200
2025-10-01 11:59:23 | INFO | c.netflix.discovery.DiscoveryClient | Completed shut down of DiscoveryClient
2025-10-01 11:59:27 | INFO | c.e.K.KekaActionServiceApplication | Starting KekaActionServiceApplication using Java 21.0.4 with PID 12200 (C:\Users\Sreenivas Bandaru\Keka_Clone\keka_clone\KekaActionService\target\classes started by Sreenivas Bandaru in C:\Users\Sreenivas Bandaru\Keka_Clone\keka_clone\KekaActionService)
2025-10-01 11:59:27 | INFO | c.e.K.KekaActionServiceApplication | No active profile set, falling back to 1 default profile: "default"
2025-10-01 11:59:29 | INFO | o.s.d.r.c.RepositoryConfigurationDelegate | Bootstrapping Spring Data JPA repositories in DEFAULT mode.
2025-10-01 11:59:29 | INFO | o.s.d.r.c.RepositoryConfigurationDelegate | Finished Spring Data repository scanning in 172 ms. Found 8 JPA repository interfaces.
2025-10-01 11:59:29 | INFO | o.s.cloud.context.scope.GenericScope | BeanFactory id=11b900b4-4893-3f30-9152-3a033196007e
2025-10-01 11:59:30 | INFO | o.s.b.w.e.tomcat.TomcatWebServer | Tomcat initialized with port 4581 (http)
2025-10-01 11:59:30 | INFO | o.a.catalina.core.StandardService | Starting service [Tomcat]
2025-10-01 11:59:30 | INFO | o.a.catalina.core.StandardEngine | Starting Servlet engine: [Apache Tomcat/10.1.46]
2025-10-01 11:59:30 | INFO | o.a.c.c.C.[Tomcat].[localhost].[/] | Initializing Spring embedded WebApplicationContext
2025-10-01 11:59:30 | INFO | o.s.b.w.s.c.ServletWebServerApplicationContext | Root WebApplicationContext: initialization completed in 2481 ms
2025-10-01 11:59:30 | INFO | o.h.jpa.internal.util.LogHelper | HHH000204: Processing PersistenceUnitInfo [name: default]
2025-10-01 11:59:30 | INFO | org.hibernate.Version | HHH000412: Hibernate ORM core version 6.6.29.Final
2025-10-01 11:59:30 | INFO | o.h.c.i.RegionFactoryInitiator | HHH000026: Second-level cache disabled
2025-10-01 11:59:30 | INFO | o.s.o.j.p.SpringPersistenceUnitInfo | No LoadTimeWeaver setup: ignoring JPA class transformer
2025-10-01 11:59:30 | INFO | com.zaxxer.hikari.HikariDataSource | HikariPool-1 - Starting...
2025-10-01 11:59:31 | INFO | com.zaxxer.hikari.pool.HikariPool | HikariPool-1 - Added connection oracle.jdbc.driver.T4CConnection@5b74902c
2025-10-01 11:59:31 | INFO | com.zaxxer.hikari.HikariDataSource | HikariPool-1 - Start completed.
2025-10-01 11:59:31 | WARN | org.hibernate.dialect.Dialect | HHH000511: The 11.2.0 version for [org.hibernate.dialect.OracleDialect] is no longer supported, hence certain features may not work properly. The minimum supported version is 19.0.0. Check the community dialects project for available legacy versions.
2025-10-01 11:59:31 | INFO | o.hibernate.orm.connections.pooling | HHH10001005: Database info:
	Database JDBC URL [Connecting through datasource 'HikariDataSource (HikariPool-1)']
	Database driver: undefined/unknown
	Database version: 11.2
	Autocommit mode: undefined/unknown
	Isolation level: undefined/unknown
	Minimum pool size: undefined/unknown
	Maximum pool size: undefined/unknown
2025-10-01 11:59:32 | INFO | o.h.e.t.j.p.i.JtaPlatformInitiator | HHH000489: No JTA platform available (set 'hibernate.transaction.jta.platform' to enable JTA platform integration)
2025-10-01 11:59:35 | INFO | o.s.o.j.LocalContainerEntityManagerFactoryBean | Initialized JPA EntityManagerFactory for persistence unit 'default'
2025-10-01 11:59:36 | WARN | o.s.b.a.o.j.JpaBaseConfiguration$JpaWebConfiguration | spring.jpa.open-in-view is enabled by default. Therefore, database queries may be performed during view rendering. Explicitly configure spring.jpa.open-in-view to disable this warning
2025-10-01 11:59:36 | INFO | o.s.c.n.e.c.DiscoveryClientOptionalArgsConfiguration | Eureka HTTP Client uses RestTemplate.
2025-10-01 11:59:36 | WARN | o.s.c.l.c.LoadBalancerCacheAutoConfiguration$LoadBalancerCaffeineWarnLogger | Spring Cloud LoadBalancer is currently working with the default cache. While this cache implementation is useful for development and tests, it's recommended to use Caffeine cache in production.You can switch to using Caffeine cache, by adding it and org.springframework.cache.caffeine.CaffeineCacheManager to the classpath.
2025-10-01 11:59:36 | INFO | o.s.c.n.eureka.InstanceInfoFactory | Setting initial instance status as: STARTING
2025-10-01 11:59:36 | INFO | c.netflix.discovery.DiscoveryClient | Initializing Eureka in region us-east-1
2025-10-01 11:59:36 | INFO | c.n.d.s.r.aws.ConfigClusterResolver | Resolving eureka endpoints via configuration
2025-10-01 11:59:36 | INFO | c.netflix.discovery.DiscoveryClient | Disable delta property : false
2025-10-01 11:59:36 | INFO | c.netflix.discovery.DiscoveryClient | Single vip registry refresh property : null
2025-10-01 11:59:36 | INFO | c.netflix.discovery.DiscoveryClient | Force full registry fetch : false
2025-10-01 11:59:36 | INFO | c.netflix.discovery.DiscoveryClient | Application is null : false
2025-10-01 11:59:36 | INFO | c.netflix.discovery.DiscoveryClient | Registered Applications size is zero : true
2025-10-01 11:59:36 | INFO | c.netflix.discovery.DiscoveryClient | Application version is -1: true
2025-10-01 11:59:36 | INFO | c.netflix.discovery.DiscoveryClient | Getting all instance registry info from the eureka server
2025-10-01 11:59:37 | INFO | c.netflix.discovery.DiscoveryClient | The response status is 200
2025-10-01 11:59:37 | INFO | c.netflix.discovery.DiscoveryClient | Starting heartbeat executor: renew interval is: 30
2025-10-01 11:59:37 | INFO | c.n.discovery.InstanceInfoReplicator | InstanceInfoReplicator onDemand update allowed rate per min is 4
2025-10-01 11:59:37 | INFO | c.netflix.discovery.DiscoveryClient | Discovery Client initialized at timestamp 1759300177332 with initial instances count: 0
2025-10-01 11:59:37 | INFO | o.s.c.n.e.s.EurekaServiceRegistry | Registering application KEKAACTIONSERVICE with eureka with status UP
2025-10-01 11:59:37 | INFO | c.netflix.discovery.DiscoveryClient | Saw local status change event StatusChangeEvent [timestamp=1759300177337, current=UP, previous=STARTING]
2025-10-01 11:59:37 | INFO | c.netflix.discovery.DiscoveryClient | DiscoveryClient_KEKAACTIONSERVICE/192.168.1.160:KekaActionService:4581: registering service...
2025-10-01 11:59:37 | INFO | o.s.b.w.e.tomcat.TomcatWebServer | Tomcat started on port 4581 (http) with context path '/'
2025-10-01 11:59:37 | INFO | o.s.c.n.e.s.EurekaAutoServiceRegistration | Updating port to 4581
2025-10-01 11:59:37 | INFO | c.e.K.KekaActionServiceApplication | Started KekaActionServiceApplication in 10.463 seconds (process running for 11.2)
2025-10-01 11:59:37 | INFO | c.netflix.discovery.DiscoveryClient | DiscoveryClient_KEKAACTIONSERVICE/192.168.1.160:KekaActionService:4581 - registration status: 204
2025-10-01 12:00:07 | INFO | c.netflix.discovery.DiscoveryClient | Disable delta property : false
2025-10-01 12:00:07 | INFO | c.netflix.discovery.DiscoveryClient | Single vip registry refresh property : null
2025-10-01 12:00:07 | INFO | c.netflix.discovery.DiscoveryClient | Force full registry fetch : false
2025-10-01 12:00:07 | INFO | c.netflix.discovery.DiscoveryClient | Application is null : false
2025-10-01 12:00:07 | INFO | c.netflix.discovery.DiscoveryClient | Registered Applications size is zero : true
2025-10-01 12:00:07 | INFO | c.netflix.discovery.DiscoveryClient | Application version is -1: false
2025-10-01 12:00:07 | INFO | c.netflix.discovery.DiscoveryClient | Getting all instance registry info from the eureka server
2025-10-01 12:00:07 | INFO | c.netflix.discovery.DiscoveryClient | The response status is 200
2025-10-01 12:02:08 | INFO | o.a.c.c.C.[Tomcat].[localhost].[/] | Initializing Spring DispatcherServlet 'dispatcherServlet'
2025-10-01 12:02:08 | INFO | o.s.web.servlet.DispatcherServlet | Initializing Servlet 'dispatcherServlet'
2025-10-01 12:02:08 | INFO | o.s.web.servlet.DispatcherServlet | Completed initialization in 1 ms
2025-10-01 12:02:08 | INFO | c.e.K.c.Post.EmployeePostController | [Employee(id=null, employeeID=101, firstName=Ramesh, lastName=Sharma, email=ramesh.sharma@example.com, phone=9876543210, designation=Developer, joinDate=2022-05-15, active=true, isDeleted=false, band=null, createdAt=2025-09-23T10:00, updatedAt=2025-09-23T10:30, shift=null), Employee(id=null, employeeID=102, firstName=Sita, lastName=Patel, email=sita.patel@example.com, phone=9876543211, designation=Software Engineer, joinDate=2023-07-10, active=true, isDeleted=false, band=null, createdAt=2025-09-23T10:15:30, updatedAt=2025-09-23T12:00, shift=null), Employee(id=null, employeeID=103, firstName=Amit, lastName=Kumar, email=amit.kumar@example.com, phone=9876543212, designation=Tester, joinDate=2021-11-01, active=true, isDeleted=false, band=null, createdAt=2025-09-23T09:45, updatedAt=2025-09-23T11:00, shift=null)]
2025-10-01 12:02:09 | INFO | c.e.K.c.Post.EmployeePostController | [Employee(id=1, employeeID=101, firstName=Ramesh, lastName=Sharma, email=ramesh.sharma@example.com, phone=9876543210, designation=Developer, joinDate=2022-05-15, active=true, isDeleted=false, band=null, createdAt=2025-10-01T12:02:08.792098900, updatedAt=2025-10-01T12:02:08.792098900, shift=null), Employee(id=2, employeeID=102, firstName=Sita, lastName=Patel, email=sita.patel@example.com, phone=9876543211, designation=Software Engineer, joinDate=2023-07-10, active=true, isDeleted=false, band=null, createdAt=2025-10-01T12:02:08.833071500, updatedAt=2025-10-01T12:02:08.833071500, shift=null), Employee(id=3, employeeID=103, firstName=Amit, lastName=Kumar, email=amit.kumar@example.com, phone=9876543212, designation=Tester, joinDate=2021-11-01, active=true, isDeleted=false, band=null, createdAt=2025-10-01T12:02:08.834032900, updatedAt=2025-10-01T12:02:08.834032900, shift=null)]
2025-10-01 12:04:36 | INFO | c.n.d.s.r.aws.ConfigClusterResolver | Resolving eureka endpoints via configuration
2025-10-01 12:09:36 | INFO | c.n.d.s.r.aws.ConfigClusterResolver | Resolving eureka endpoints via configuration
2025-10-01 12:14:36 | INFO | c.n.d.s.r.aws.ConfigClusterResolver | Resolving eureka endpoints via configuration
2025-10-01 12:19:36 | INFO | c.n.d.s.r.aws.ConfigClusterResolver | Resolving eureka endpoints via configuration
2025-10-01 12:24:36 | INFO | c.n.d.s.r.aws.ConfigClusterResolver | Resolving eureka endpoints via configuration
2025-10-01 12:29:36 | INFO | c.n.d.s.r.aws.ConfigClusterResolver | Resolving eureka endpoints via configuration
2025-10-01 12:34:36 | INFO | c.n.d.s.r.aws.ConfigClusterResolver | Resolving eureka endpoints via configuration
2025-10-01 12:39:36 | INFO | c.n.d.s.r.aws.ConfigClusterResolver | Resolving eureka endpoints via configuration
2025-10-01 12:44:36 | INFO | c.n.d.s.r.aws.ConfigClusterResolver | Resolving eureka endpoints via configuration
2025-10-01 12:49:36 | INFO | c.n.d.s.r.aws.ConfigClusterResolver | Resolving eureka endpoints via configuration
2025-10-01 12:54:36 | INFO | c.n.d.s.r.aws.ConfigClusterResolver | Resolving eureka endpoints via configuration
2025-10-01 12:59:37 | INFO | c.n.d.s.r.aws.ConfigClusterResolver | Resolving eureka endpoints via configuration
2025-10-01 13:04:37 | INFO | c.n.d.s.r.aws.ConfigClusterResolver | Resolving eureka endpoints via configuration
2025-10-01 13:09:37 | INFO | c.n.d.s.r.aws.ConfigClusterResolver | Resolving eureka endpoints via configuration
2025-10-01 13:14:37 | INFO | c.n.d.s.r.aws.ConfigClusterResolver | Resolving eureka endpoints via configuration
2025-10-01 13:19:37 | INFO | c.n.d.s.r.aws.ConfigClusterResolver | Resolving eureka endpoints via configuration
2025-10-01 13:24:37 | INFO | c.n.d.s.r.aws.ConfigClusterResolver | Resolving eureka endpoints via configuration
2025-10-01 13:29:37 | INFO | c.n.d.s.r.aws.ConfigClusterResolver | Resolving eureka endpoints via configuration
2025-10-01 13:34:37 | INFO | c.n.d.s.r.aws.ConfigClusterResolver | Resolving eureka endpoints via configuration
2025-10-01 13:39:37 | INFO | c.n.d.s.r.aws.ConfigClusterResolver | Resolving eureka endpoints via configuration
2025-10-01 13:44:40 | INFO | c.n.d.s.r.aws.ConfigClusterResolver | Resolving eureka endpoints via configuration
2025-10-01 13:49:40 | INFO | c.n.d.s.r.aws.ConfigClusterResolver | Resolving eureka endpoints via configuration
2025-10-01 13:54:40 | INFO | c.n.d.s.r.aws.ConfigClusterResolver | Resolving eureka endpoints via configuration
2025-10-01 13:59:40 | INFO | c.n.d.s.r.aws.ConfigClusterResolver | Resolving eureka endpoints via configuration
2025-10-01 14:04:40 | INFO | c.n.d.s.r.aws.ConfigClusterResolver | Resolving eureka endpoints via configuration
2025-10-01 14:09:40 | INFO | c.n.d.s.r.aws.ConfigClusterResolver | Resolving eureka endpoints via configuration
2025-10-01 14:14:40 | INFO | c.n.d.s.r.aws.ConfigClusterResolver | Resolving eureka endpoints via configuration
2025-10-01 14:19:41 | INFO | c.n.d.s.r.aws.ConfigClusterResolver | Resolving eureka endpoints via configuration
2025-10-01 14:24:40 | INFO | c.n.d.s.r.aws.ConfigClusterResolver | Resolving eureka endpoints via configuration
2025-10-01 14:29:40 | INFO | c.n.d.s.r.aws.ConfigClusterResolver | Resolving eureka endpoints via configuration
2025-10-01 14:34:40 | INFO | c.n.d.s.r.aws.ConfigClusterResolver | Resolving eureka endpoints via configuration
2025-10-01 14:39:40 | INFO | c.n.d.s.r.aws.ConfigClusterResolver | Resolving eureka endpoints via configuration
2025-10-01 14:44:40 | INFO | c.n.d.s.r.aws.ConfigClusterResolver | Resolving eureka endpoints via configuration
2025-10-01 14:49:40 | INFO | c.n.d.s.r.aws.ConfigClusterResolver | Resolving eureka endpoints via configuration
2025-10-01 14:53:20 | INFO | o.s.api.AbstractOpenApiResource | Init duration for springdoc-openapi is: 6707 ms
2025-10-01 14:54:40 | INFO | c.n.d.s.r.aws.ConfigClusterResolver | Resolving eureka endpoints via configuration
2025-10-01 14:59:40 | INFO | c.n.d.s.r.aws.ConfigClusterResolver | Resolving eureka endpoints via configuration
2025-10-01 15:04:40 | INFO | c.n.d.s.r.aws.ConfigClusterResolver | Resolving eureka endpoints via configuration
2025-10-01 15:09:40 | INFO | c.n.d.s.r.aws.ConfigClusterResolver | Resolving eureka endpoints via configuration
2025-10-01 15:14:40 | INFO | c.n.d.s.r.aws.ConfigClusterResolver | Resolving eureka endpoints via configuration
2025-10-01 15:19:40 | INFO | c.n.d.s.r.aws.ConfigClusterResolver | Resolving eureka endpoints via configuration
2025-10-01 15:24:40 | INFO | c.n.d.s.r.aws.ConfigClusterResolver | Resolving eureka endpoints via configuration
2025-10-01 15:29:40 | INFO | c.n.d.s.r.aws.ConfigClusterResolver | Resolving eureka endpoints via configuration
2025-10-01 15:34:40 | INFO | c.n.d.s.r.aws.ConfigClusterResolver | Resolving eureka endpoints via configuration
2025-10-01 15:39:40 | INFO | c.n.d.s.r.aws.ConfigClusterResolver | Resolving eureka endpoints via configuration
2025-10-01 15:44:40 | INFO | c.n.d.s.r.aws.ConfigClusterResolver | Resolving eureka endpoints via configuration
2025-10-01 15:49:40 | INFO | c.n.d.s.r.aws.ConfigClusterResolver | Resolving eureka endpoints via configuration
2025-10-01 15:54:40 | INFO | c.n.d.s.r.aws.ConfigClusterResolver | Resolving eureka endpoints via configuration
2025-10-01 15:59:40 | INFO | c.n.d.s.r.aws.ConfigClusterResolver | Resolving eureka endpoints via configuration
2025-10-01 16:04:40 | INFO | c.n.d.s.r.aws.ConfigClusterResolver | Resolving eureka endpoints via configuration
2025-10-01 16:09:40 | INFO | c.n.d.s.r.aws.ConfigClusterResolver | Resolving eureka endpoints via configuration
2025-10-01 16:14:40 | INFO | c.n.d.s.r.aws.ConfigClusterResolver | Resolving eureka endpoints via configuration
2025-10-01 16:19:40 | INFO | c.n.d.s.r.aws.ConfigClusterResolver | Resolving eureka endpoints via configuration
2025-10-01 16:24:41 | INFO | c.n.d.s.r.aws.ConfigClusterResolver | Resolving eureka endpoints via configuration
2025-10-01 16:29:41 | INFO | c.n.d.s.r.aws.ConfigClusterResolver | Resolving eureka endpoints via configuration
2025-10-01 16:34:41 | INFO | c.n.d.s.r.aws.ConfigClusterResolver | Resolving eureka endpoints via configuration
2025-10-01 16:39:41 | INFO | c.n.d.s.r.aws.ConfigClusterResolver | Resolving eureka endpoints via configuration
2025-10-01 16:44:41 | INFO | c.n.d.s.r.aws.ConfigClusterResolver | Resolving eureka endpoints via configuration
2025-10-01 16:49:41 | INFO | c.n.d.s.r.aws.ConfigClusterResolver | Resolving eureka endpoints via configuration
2025-10-01 16:54:41 | INFO | c.n.d.s.r.aws.ConfigClusterResolver | Resolving eureka endpoints via configuration
2025-10-01 16:59:41 | INFO | c.n.d.s.r.aws.ConfigClusterResolver | Resolving eureka endpoints via configuration
2025-10-01 17:04:41 | INFO | c.n.d.s.r.aws.ConfigClusterResolver | Resolving eureka endpoints via configuration
2025-10-01 17:09:41 | INFO | c.n.d.s.r.aws.ConfigClusterResolver | Resolving eureka endpoints via configuration
2025-10-01 17:14:41 | INFO | c.n.d.s.r.aws.ConfigClusterResolver | Resolving eureka endpoints via configuration
2025-10-01 17:19:41 | INFO | c.n.d.s.r.aws.ConfigClusterResolver | Resolving eureka endpoints via configuration
2025-10-01 17:24:41 | INFO | c.n.d.s.r.aws.ConfigClusterResolver | Resolving eureka endpoints via configuration
2025-10-01 17:29:41 | INFO | c.n.d.s.r.aws.ConfigClusterResolver | Resolving eureka endpoints via configuration
2025-10-01 17:33:33 | INFO | o.s.c.n.e.s.EurekaServiceRegistry | Unregistering application KEKAACTIONSERVICE with eureka with status DOWN
2025-10-01 17:33:33 | INFO | c.netflix.discovery.DiscoveryClient | Saw local status change event StatusChangeEvent [timestamp=1759320213968, current=DOWN, previous=UP]
2025-10-01 17:33:33 | INFO | c.netflix.discovery.DiscoveryClient | DiscoveryClient_KEKAACTIONSERVICE/192.168.1.160:KekaActionService:4581: registering service...
2025-10-01 17:33:35 | INFO | o.s.b.w.e.tomcat.GracefulShutdown | Commencing graceful shutdown. Waiting for active requests to complete
2025-10-01 17:33:35 | INFO | c.netflix.discovery.DiscoveryClient | DiscoveryClient_KEKAACTIONSERVICE/192.168.1.160:KekaActionService:4581 - registration status: 204
2025-10-01 17:33:36 | INFO | o.s.b.w.e.tomcat.GracefulShutdown | Graceful shutdown complete
2025-10-01 17:33:39 | INFO | o.s.o.j.LocalContainerEntityManagerFactoryBean | Closing JPA EntityManagerFactory for persistence unit 'default'
2025-10-01 17:33:41 | INFO | com.zaxxer.hikari.HikariDataSource | HikariPool-1 - Shutdown initiated...
2025-10-01 17:33:41 | INFO | com.zaxxer.hikari.HikariDataSource | HikariPool-1 - Shutdown completed.
2025-10-01 17:33:41 | INFO | c.netflix.discovery.DiscoveryClient | Shutting down DiscoveryClient ...
2025-10-01 17:33:44 | INFO | c.netflix.discovery.DiscoveryClient | Unregistering ...
2025-10-01 17:33:45 | INFO | c.netflix.discovery.DiscoveryClient | DiscoveryClient_KEKAACTIONSERVICE/192.168.1.160:KekaActionService:4581 - deregister  status: 200
2025-10-01 17:33:45 | INFO | c.netflix.discovery.DiscoveryClient | Completed shut down of DiscoveryClient
